{"name": "test_change_object_patch", "status": "failed", "statusDetails": {"message": "AssertionError: Object DKA_2.1 wasn't created.", "trace": "create_new_obj_endpoint = <endpoints.create_obj.CreateObject object at 0x000002398259A450>, change_obj_endpoint = <endpoints.change_obj_patch.ChangeObjectPatch object at 0x000002398259A180>\n\n    def test_change_object_patch(create_new_obj_endpoint, change_obj_endpoint):\n        change_obj_endpoint.change_obj_patch(test_body, create_new_obj_endpoint.create_new_obj(TEST_DATA[0]))\n>       create_new_obj_endpoint.check_obj_name(test_body['name'])\n\ntests\\test_some_app.py:26: \n_ _ _ _ _ _ _ _ _ _ _ _ _ _ _ _ _ _ _ _ _ _ _ _ _ _ _ _ _ _ _ _ _ _ _ _ _ _ _ _ _ _ _ _ _ _ _ _ _ _ _ _ _ _ _ _ _ _ _ _ _ _ _ _ _ _ _ _ _ _ _ _ _ _ _ _ _ _ _ _ _ _ _ _ _ _ _ _ _ _ _ _ _ _ _ _ _ _ _ _ _ _ _ _ _ _ _ _ _ _ _ _ _ _ _ _ _ _ _ _ _ _ _\n\nself = <endpoints.create_obj.CreateObject object at 0x000002398259A450>, name = 'DKA_2.1'\n\n    @allure.step('Проверяем имя созданного объекта.')\n    def check_obj_name(self, name):\n>       assert self.obj_json['name'] == name, f\"Object {name} wasn't created.\"\nE       AssertionError: Object DKA_2.1 wasn't created.\n\nendpoints\\create_obj.py:23: AssertionError"}, "steps": [{"name": "Создаем новый объект.", "status": "passed", "parameters": [{"name": "body", "value": "{'name': 'DKA_1', 'data': {'year': 1982, 'price': 2805.99, 'CPU model': 'Intel Core i9DKA', 'Hard disk size': '1 TB DKA'}}"}], "start": 1713353005836, "stop": 1713353006840}, {"name": "Изменяем существующий объект.", "status": "passed", "parameters": [{"name": "body", "value": "{'name': 'DKA_2.1', 'data': {'year': 1982, 'price': 2805.99, 'CPU model': 'Intel Core i9DKA', 'Hard disk size': '1 TB DKA'}}"}, {"name": "obj_id", "value": "'ff8081818eeb2234018eebcc1f6203ba'"}], "start": 1713353006841, "stop": 1713353007756}, {"name": "Проверяем имя созданного объекта.", "status": "failed", "statusDetails": {"message": "AssertionError: Object DKA_2.1 wasn't created.\n", "trace": "  File \"C:\\Kirill_Dechko\\venv\\Lib\\site-packages\\allure_commons\\_allure.py\", line 192, in impl\n    return func(*a, **kw)\n           ^^^^^^^^^^^^^^\n  File \"C:\\Kirill_Dechko\\test_api_dka\\endpoints\\create_obj.py\", line 23, in check_obj_name\n    assert self.obj_json['name'] == name, f\"Object {name} wasn't created.\"\n"}, "parameters": [{"name": "name", "value": "'DKA_2.1'"}], "start": 1713353007756, "stop": 1713353007756}], "start": 1713353005836, "stop": 1713353007760, "uuid": "afea1c51-68ac-4b8c-9554-28633c638f63", "historyId": "ef1dd2a191ecbf4bf6ce7dbdb7c44bd9", "testCaseId": "ef1dd2a191ecbf4bf6ce7dbdb7c44bd9", "fullName": "tests.test_some_app#test_change_object_patch", "labels": [{"name": "parentSuite", "value": "tests"}, {"name": "suite", "value": "test_some_app"}, {"name": "host", "value": "Kirill"}, {"name": "thread", "value": "46040-MainThread"}, {"name": "framework", "value": "pytest"}, {"name": "language", "value": "cpython3"}, {"name": "package", "value": "tests.test_some_app"}]}