{"name": "test_del_object", "status": "failed", "statusDetails": {"message": "AssertionError: Object {'name': 'New_obj_<bound method Random.randint of <random.Random object at 0x000001F7E5607690>>', 'data': {'year': 1982, 'price': 2805.99, 'CPU model': 'Intel Core i9DKA', 'Hard disk size': '1 TB DKA'}} wasn't created.", "trace": "create_new_obj_endpoint = <endpoints.create_obj.CreateObject object at 0x000001F7E8C18230>\n\n    @pytest.fixture()\n    def create_obj(create_new_obj_endpoint):\n        body = {\n            \"name\": f\"New_obj_{random.randint}\",\n            \"data\": {\n                \"year\": 1982,\n                \"price\": 2805.99,\n                \"CPU model\": \"Intel Core i9DKA\",\n                \"Hard disk size\": \"1 TB DKA\"\n            }\n        }\n        create_new_obj_endpoint.create_new_obj(body)\n>       create_new_obj_endpoint.check_obj_name(body)\n\nconftest.py:41: \n_ _ _ _ _ _ _ _ _ _ _ _ _ _ _ _ _ _ _ _ _ _ _ _ _ _ _ _ _ _ _ _ _ _ _ _ _ _ _ _ _ _ _ _ _ _ _ _ _ _ _ _ _ _ _ _ _ _ _ _ _ _ _ _ _ _ _ _ _ _ _ _ _ _ _ _ _ _ _ _ _ _ _ _ _ _ _ _ _ _ _ _ _ _ _ _ _ _ _ _ _ _ _ _ _ _ _ _ _ _ _ _ _ _ _ _ _ _ _ _ _ _ _\n\nself = <endpoints.create_obj.CreateObject object at 0x000001F7E8C18230>\nname = {'data': {'CPU model': 'Intel Core i9DKA', 'Hard disk size': '1 TB DKA', 'price': 2805.99, 'year': 1982}, 'name': 'New_obj_<bound method Random.randint of <random.Random object at 0x000001F7E5607690>>'}\n\n    @allure.step('Проверяем имя созданного объекта.')\n    def check_obj_name(self, name):\n>       assert self.obj_json['name'] == name, f\"Object {name} wasn't created.\"\nE       AssertionError: Object {'name': 'New_obj_<bound method Random.randint of <random.Random object at 0x000001F7E5607690>>', 'data': {'year': 1982, 'price': 2805.99, 'CPU model': 'Intel Core i9DKA', 'Hard disk size': '1 TB DKA'}} wasn't created.\n\nendpoints\\create_obj.py:23: AssertionError"}, "start": 1713416015224, "stop": 1713416015224, "uuid": "fdb556d6-c232-491e-ab21-91d789a7267f", "historyId": "b8640b4770c956bbc4503561a13fd915", "testCaseId": "b8640b4770c956bbc4503561a13fd915", "fullName": "tests.test_some_app#test_del_object", "labels": [{"name": "parentSuite", "value": "tests"}, {"name": "suite", "value": "test_some_app"}, {"name": "host", "value": "Kirill"}, {"name": "thread", "value": "20120-MainThread"}, {"name": "framework", "value": "pytest"}, {"name": "language", "value": "cpython3"}, {"name": "package", "value": "tests.test_some_app"}]}