{"name": "test_change_object_patch", "status": "failed", "statusDetails": {"message": "AssertionError: Object DKA_2.2.1 wasn't created.", "trace": "create_new_obj_endpoint = <endpoints.create_obj.CreateObject object at 0x0000024007795850>, change_obj_endpoint_patch = <endpoints.change_obj_patch.ChangeObjectPatch object at 0x00000240077966F0>\n\n    def test_change_object_patch(create_new_obj_endpoint, change_obj_endpoint_patch):\n        change_obj_endpoint_patch.change_obj_patch(TEST_DATA[3], create_new_obj_endpoint.create_new_obj(TEST_DATA[0]))\n>       change_obj_endpoint_patch.check_obj_name(test_body['name'])\n\ntests\\test_some_app.py:30: \n_ _ _ _ _ _ _ _ _ _ _ _ _ _ _ _ _ _ _ _ _ _ _ _ _ _ _ _ _ _ _ _ _ _ _ _ _ _ _ _ _ _ _ _ _ _ _ _ _ _ _ _ _ _ _ _ _ _ _ _ _ _ _ _ _ _ _ _ _ _ _ _ _ _ _ _ _ _ _ _ _ _ _ _ _ _ _ _ _ _ _ _ _ _ _ _ _ _ _ _ _ _ _ _ _ _ _ _ _ _ _ _ _ _ _ _ _ _ _ _ _ _ _\n\nself = <endpoints.change_obj_patch.ChangeObjectPatch object at 0x00000240077966F0>, name = 'DKA_2.2.1'\n\n    @allure.step('Проверяем имя измененного объекта.')\n    def check_obj_name(self, name):\n>       assert self.obj_json['name'] == name, f\"Object {name} wasn't created.\"\nE       AssertionError: Object DKA_2.2.1 wasn't created.\n\nendpoints\\change_obj_patch.py:21: AssertionError"}, "steps": [{"name": "Создаем новый объект.", "status": "passed", "parameters": [{"name": "body", "value": "{'name': 'DKA_1', 'data': {'year': 1982, 'price': 2805.99, 'CPU model': 'Intel Core i9DKA', 'Hard disk size': '1 TB DKA'}}"}], "start": 1713358071625, "stop": 1713358072242}, {"name": "Изменяем существующий объект Patch.", "status": "passed", "parameters": [{"name": "body", "value": "{'name': 'DKA_4', 'data': {'year': 1982, 'price': 2805.99, 'CPU model': 'Intel Core i9DKA', 'Hard disk size': '1 TB DKA'}}"}, {"name": "obj_id", "value": "'ff8081818eeb2234018eec196a7e04d8'"}], "start": 1713358072242, "stop": 1713358073229}, {"name": "Проверяем имя измененного объекта.", "status": "failed", "statusDetails": {"message": "AssertionError: Object DKA_2.2.1 wasn't created.\n", "trace": "  File \"C:\\Kirill_Dechko\\venv\\Lib\\site-packages\\allure_commons\\_allure.py\", line 192, in impl\n    return func(*a, **kw)\n           ^^^^^^^^^^^^^^\n  File \"C:\\Kirill_Dechko\\test_api_dka\\endpoints\\change_obj_patch.py\", line 21, in check_obj_name\n    assert self.obj_json['name'] == name, f\"Object {name} wasn't created.\"\n"}, "parameters": [{"name": "name", "value": "'DKA_2.2.1'"}], "start": 1713358073229, "stop": 1713358073230}], "start": 1713358071625, "stop": 1713358073232, "uuid": "7aff3647-4bdd-46f9-8d81-eaea45f831b7", "historyId": "ef1dd2a191ecbf4bf6ce7dbdb7c44bd9", "testCaseId": "ef1dd2a191ecbf4bf6ce7dbdb7c44bd9", "fullName": "tests.test_some_app#test_change_object_patch", "labels": [{"name": "parentSuite", "value": "tests"}, {"name": "suite", "value": "test_some_app"}, {"name": "host", "value": "Kirill"}, {"name": "thread", "value": "29460-MainThread"}, {"name": "framework", "value": "pytest"}, {"name": "language", "value": "cpython3"}, {"name": "package", "value": "tests.test_some_app"}]}